Arguments: 
  /home/vinicius/.nvm/versions/node/v18.15.0/bin/node /home/vinicius/.nvm/versions/node/v18.15.0/bin/yarn add --dev @types/express @types/jest @types/node ts-node-dev typescript @types/cors

PATH: 
  /home/vinicius/.asdf/shims:/home/vinicius/.asdf/bin:/home/vinicius/.nvm/versions/node/v18.15.0/bin:/home/vinicius/.local/share/zinit/polaris/bin:/usr/local/sbin:/usr/local/bin:/usr/sbin:/usr/bin:/sbin:/bin:/usr/games:/usr/local/games:/snap/bin:/snap/bin

Yarn version: 
  1.22.19

Node version: 
  18.15.0

Platform: 
  linux x64

Trace: 
  Error: ENOENT: no such file or directory, copyfile '/home/vinicius/.cache/yarn/v6/npm-ms-2.1.2-d09d1f357b443f493382a8eb3ccd183872ae6009-integrity/node_modules/ms/index.js' -> '/home/vinicius/Área de Trabalho/Database Primo/node_modules/typeorm/node_modules/ms/index.js'

npm manifest: 
  {
    "name": "database-chatbot",
    "version": "1.0.0",
    "description": "",
    "main": "index.js",
    "engines": {
      "node": "18"
    },
    "scripts": {
      "dev": "ts-node-dev --ignore-watch node_modules src/server.ts",
      "typeorm": "typeorm-ts-node-commonjs",
      "test": "cross-env NODE_ENV=test SECRET_KEY=secreta!chave jest --verbose --runInBand",
      "build": "tsc",
      "start": "node dist/server.js"
    },
    "keywords": [],
    "author": "",
    "license": "ISC",
    "dependencies": {
      "@types/cors": "^2.8.13",
      "cors": "^2.8.5",
      "cron": "^2.3.0",
      "cross-env": "^7.0.3",
      "dotenv": "^16.0.3",
      "express": "^4.18.2",
      "express-async-errors": "^3.1.1",
      "node-fetch": "^3.3.1",
      "pg": "^8.10.0",
      "reflect-metadata": "^0.1.13",
      "ts-jest": "^29.1.0",
      "ts-node": "^10.9.1",
      "typeorm": "^0.3.15"
    },
    "devDependencies": {
      "@types/express": "^4.17.17",
      "@types/jest": "^29.5.0",
      "@types/node": "^18.15.11",
      "ts-node-dev": "^2.0.0",
      "typescript": "^5.0.4"
    }
  }

yarn manifest: 
  No manifest

Lockfile: 
  No lockfile
